This is pdfTeX, Version 3.14159265-2.6-1.40.18 (MiKTeX 2.9.6350 64-bit) (preloaded format=pdflatex 2017.10.4)  19 NOV 2017 19:52
entering extended mode
**./report.tex
(report.tex
LaTeX2e <2017-04-15>
Babel <3.10> and hyphenation patterns for 75 language(s) loaded.
(llncs.cls
Document Class: llncs 2017/09/04 v2.19 
 LaTeX document class for Lecture Notes in Computer Science
("E:\Program Files\MiKTeX 2.9\tex\latex\base\article.cls"
Document Class: article 2014/09/29 v1.4h Standard LaTeX document class
("E:\Program Files\MiKTeX 2.9\tex\latex\base\size10.clo"
File: size10.clo 2014/09/29 v1.4h Standard LaTeX file (size option)
)
\c@part=\count79
\c@section=\count80
\c@subsection=\count81
\c@subsubsection=\count82
\c@paragraph=\count83
\c@subparagraph=\count84
\c@figure=\count85
\c@table=\count86
\abovecaptionskip=\skip41
\belowcaptionskip=\skip42
\bibindent=\dimen102
)
("E:\Program Files\MiKTeX 2.9\tex\latex\tools\multicol.sty"
Package: multicol 2017/04/11 v1.8q multicolumn formatting (FMi)
\c@tracingmulticols=\count87
\mult@box=\box26
\multicol@leftmargin=\dimen103
\c@unbalance=\count88
\c@collectmore=\count89
\doublecol@number=\count90
\multicoltolerance=\count91
\multicolpretolerance=\count92
\full@width=\dimen104
\page@free=\dimen105
\premulticols=\dimen106
\postmulticols=\dimen107
\multicolsep=\skip43
\multicolbaselineskip=\skip44
\partial@page=\box27
\last@line=\box28
\maxbalancingoverflow=\dimen108
\mult@rightbox=\box29
\mult@grightbox=\box30
\mult@gfirstbox=\box31
\mult@firstbox=\box32
\@tempa=\box33
\@tempa=\box34
\@tempa=\box35
\@tempa=\box36
\@tempa=\box37
\@tempa=\box38
\@tempa=\box39
\@tempa=\box40
\@tempa=\box41
\@tempa=\box42
\@tempa=\box43
\@tempa=\box44
\@tempa=\box45
\@tempa=\box46
\@tempa=\box47
\@tempa=\box48
\@tempa=\box49
\c@columnbadness=\count93
\c@finalcolumnbadness=\count94
\last@try=\dimen109
\multicolovershoot=\dimen110
\multicolundershoot=\dimen111
\mult@nat@firstbox=\box50
\colbreak@box=\box51
\mc@col@check@num=\count95
)
("E:\Program Files\MiKTeX 2.9\tex\latex\oberdiek\aliascnt.sty"
Package: aliascnt 2016/05/16 v1.4 Alias counters (HO)

("E:\Program Files\MiKTeX 2.9\tex\latex\carlisle\remreset.sty"))
\c@chapter=\count96
LaTeX Font Info:    Redeclaring math symbol \Gamma on input line 362.
LaTeX Font Info:    Redeclaring math symbol \Delta on input line 363.
LaTeX Font Info:    Redeclaring math symbol \Theta on input line 364.
LaTeX Font Info:    Redeclaring math symbol \Lambda on input line 365.
LaTeX Font Info:    Redeclaring math symbol \Xi on input line 366.
LaTeX Font Info:    Redeclaring math symbol \Pi on input line 367.
LaTeX Font Info:    Redeclaring math symbol \Sigma on input line 368.
LaTeX Font Info:    Redeclaring math symbol \Upsilon on input line 369.
LaTeX Font Info:    Redeclaring math symbol \Phi on input line 370.
LaTeX Font Info:    Redeclaring math symbol \Psi on input line 371.
LaTeX Font Info:    Redeclaring math symbol \Omega on input line 372.
\tocchpnum=\dimen112
\tocsecnum=\dimen113
\tocsectotal=\dimen114
\tocsubsecnum=\dimen115
\tocsubsectotal=\dimen116
\tocsubsubsecnum=\dimen117
\tocsubsubsectotal=\dimen118
\tocparanum=\dimen119
\tocparatotal=\dimen120
\tocsubparanum=\dimen121
\@tempcntc=\count97
\fnindent=\dimen122
\c@@inst=\count98
\c@@auth=\count99
\c@auco=\count100
\instindent=\dimen123
\authrun=\box52
\authorrunning=\toks14
\tocauthor=\toks15
\titrun=\box53
\titlerunning=\toks16
\toctitle=\toks17
\c@theorem=\count101
\c@case=\count102
\c@conjecture=\count103
\c@corollary=\count104
\c@definition=\count105
\c@example=\count106
\c@exercise=\count107
\c@lemma=\count108
\c@note=\count109
\c@problem=\count110
\c@property=\count111
\c@proposition=\count112
\c@question=\count113
\c@solution=\count114
\c@remark=\count115
\headlineindent=\dimen124
)
("E:\Program Files\MiKTeX 2.9\tex\latex\listings\listings.sty"
("E:\Program Files\MiKTeX 2.9\tex\latex\graphics\keyval.sty"
Package: keyval 2014/10/28 v1.15 key=value parser (DPC)
\KV@toks@=\toks18
)
\lst@mode=\count116
\lst@gtempboxa=\box54
\lst@token=\toks19
\lst@length=\count117
\lst@currlwidth=\dimen125
\lst@column=\count118
\lst@pos=\count119
\lst@lostspace=\dimen126
\lst@width=\dimen127
\lst@newlines=\count120
\lst@lineno=\count121
\lst@maxwidth=\dimen128

("E:\Program Files\MiKTeX 2.9\tex\latex\listings\lstmisc.sty"
File: lstmisc.sty 2015/06/04 1.6 (Carsten Heinz)
\c@lstnumber=\count122
\lst@skipnumbers=\count123
\lst@framebox=\box55
)
("E:\Program Files\MiKTeX 2.9\tex\latex\listings\listings.cfg"
File: listings.cfg 2015/06/04 1.6 listings configuration
))
Package: listings 2015/06/04 1.6 (Carsten Heinz)

("E:\Program Files\MiKTeX 2.9\tex\latex\amsfonts\amssymb.sty"
Package: amssymb 2013/01/14 v3.01 AMS font symbols

("E:\Program Files\MiKTeX 2.9\tex\latex\amsfonts\amsfonts.sty"
Package: amsfonts 2013/01/14 v3.01 Basic AMSFonts support
\@emptytoks=\toks20
\symAMSa=\mathgroup4
\symAMSb=\mathgroup5
LaTeX Font Info:    Overwriting math alphabet `\mathfrak' in version `bold'
(Font)                  U/euf/m/n --> U/euf/b/n on input line 106.
))
("E:\Program Files\MiKTeX 2.9\tex\latex\graphics\graphicx.sty"
Package: graphicx 2014/10/28 v1.0g Enhanced LaTeX Graphics (DPC,SPQR)

("E:\Program Files\MiKTeX 2.9\tex\latex\graphics\graphics.sty"
Package: graphics 2017/04/14 v1.1b Standard LaTeX Graphics (DPC,SPQR)

("E:\Program Files\MiKTeX 2.9\tex\latex\graphics\trig.sty"
Package: trig 2016/01/03 v1.10 sin cos tan (DPC)
)
("E:\Program Files\MiKTeX 2.9\tex\latex\graphics-cfg\graphics.cfg"
File: graphics.cfg 2016/06/04 v1.11 sample graphics configuration
)
Package graphics Info: Driver file: pdftex.def on input line 99.

("E:\Program Files\MiKTeX 2.9\tex\latex\graphics-def\pdftex.def"
File: pdftex.def 2017/01/12 v0.06k Graphics/color for pdfTeX

("E:\Program Files\MiKTeX 2.9\tex\generic\oberdiek\infwarerr.sty"
Package: infwarerr 2016/05/16 v1.4 Providing info/warning/error messages (HO)
)
("E:\Program Files\MiKTeX 2.9\tex\generic\oberdiek\ltxcmds.sty"
Package: ltxcmds 2016/05/16 v1.23 LaTeX kernel commands for general use (HO)
)
\Gread@gobject=\count124
))
\Gin@req@height=\dimen129
\Gin@req@width=\dimen130
)
("E:\Program Files\MiKTeX 2.9\tex\latex\tools\longtable.sty"
Package: longtable 2014/10/28 v4.11 Multi-page Table package (DPC)
\LTleft=\skip45
\LTright=\skip46
\LTpre=\skip47
\LTpost=\skip48
\LTchunksize=\count125
\LTcapwidth=\dimen131
\LT@head=\box56
\LT@firsthead=\box57
\LT@foot=\box58
\LT@lastfoot=\box59
\LT@cols=\count126
\LT@rows=\count127
\c@LT@tables=\count128
\c@LT@chunks=\count129
\LT@p@ftn=\toks21
)
("E:\Program Files\MiKTeX 2.9\tex\latex\url\url.sty"
\Urlmuskip=\muskip10
Package: url 2013/09/16  ver 3.4  Verb mode for urls, etc.
)
("E:\Program Files\MiKTeX 2.9\tex\latex\xcolor\xcolor.sty"
Package: xcolor 2016/05/11 v2.12 LaTeX color extensions (UK)

("E:\Program Files\MiKTeX 2.9\tex\latex\graphics-cfg\color.cfg"
File: color.cfg 2016/01/02 v1.6 sample color configuration
)
Package xcolor Info: Driver file: pdftex.def on input line 225.
Package xcolor Info: Model `cmy' substituted by `cmy0' on input line 1348.
Package xcolor Info: Model `hsb' substituted by `rgb' on input line 1352.
Package xcolor Info: Model `RGB' extended on input line 1364.
Package xcolor Info: Model `HTML' substituted by `rgb' on input line 1366.
Package xcolor Info: Model `Hsb' substituted by `hsb' on input line 1367.
Package xcolor Info: Model `tHsb' substituted by `hsb' on input line 1368.
Package xcolor Info: Model `HSB' substituted by `hsb' on input line 1369.
Package xcolor Info: Model `Gray' substituted by `gray' on input line 1370.
Package xcolor Info: Model `wave' substituted by `hsb' on input line 1371.
)
("E:\Program Files\MiKTeX 2.9\tex\latex\acro\acro.sty"
("E:\Program Files\MiKTeX 2.9\tex\latex\l3kernel\expl3.sty"
Package: expl3 2017/09/18 L3 programming layer (loader) 

("E:\Program Files\MiKTeX 2.9\tex\latex\l3kernel\expl3-code.tex"
Package: expl3 2017/09/18 L3 programming layer (code)
\c_max_int=\count130
\l_tmpa_int=\count131
\l_tmpb_int=\count132
\g_tmpa_int=\count133
\g_tmpb_int=\count134
\g__intarray_font_int=\count135
\g__prg_map_int=\count136
\c_log_iow=\count137
\l_iow_line_count_int=\count138
\l__iow_line_target_int=\count139
\l__iow_one_indent_int=\count140
\l__iow_indent_int=\count141
\c_zero_dim=\dimen132
\c_max_dim=\dimen133
\l_tmpa_dim=\dimen134
\l_tmpb_dim=\dimen135
\g_tmpa_dim=\dimen136
\g_tmpb_dim=\dimen137
\c_zero_skip=\skip49
\c_max_skip=\skip50
\l_tmpa_skip=\skip51
\l_tmpb_skip=\skip52
\g_tmpa_skip=\skip53
\g_tmpb_skip=\skip54
\c_zero_muskip=\muskip11
\c_max_muskip=\muskip12
\l_tmpa_muskip=\muskip13
\l_tmpb_muskip=\muskip14
\g_tmpa_muskip=\muskip15
\g_tmpb_muskip=\muskip16
\l_keys_choice_int=\count142
\c__fp_leading_shift_int=\count143
\c__fp_middle_shift_int=\count144
\c__fp_trailing_shift_int=\count145
\c__fp_big_leading_shift_int=\count146
\c__fp_big_middle_shift_int=\count147
\c__fp_big_trailing_shift_int=\count148
\c__fp_Bigg_leading_shift_int=\count149
\c__fp_Bigg_middle_shift_int=\count150
\c__fp_Bigg_trailing_shift_int=\count151
\c__fp_rand_size_int=\count152
\c__fp_rand_four_int=\count153
\c__fp_rand_eight_int=\count154
\l__sort_length_int=\count155
\l__sort_min_int=\count156
\l__sort_top_int=\count157
\l__sort_max_int=\count158
\l__sort_true_max_int=\count159
\l__sort_block_int=\count160
\l__sort_begin_int=\count161
\l__sort_end_int=\count162
\l__sort_A_int=\count163
\l__sort_B_int=\count164
\l__sort_C_int=\count165
\l__tl_build_start_index_int=\count166
\l__tl_build_index_int=\count167
\l__tl_analysis_normal_int=\count168
\l__tl_analysis_index_int=\count169
\l__tl_analysis_nesting_int=\count170
\l__tl_analysis_type_int=\count171
\l__regex_internal_a_int=\count172
\l__regex_internal_b_int=\count173
\l__regex_internal_c_int=\count174
\l__regex_balance_int=\count175
\l__regex_group_level_int=\count176
\l__regex_mode_int=\count177
\c__regex_cs_in_class_mode_int=\count178
\c__regex_cs_mode_int=\count179
\l__regex_catcodes_int=\count180
\l__regex_default_catcodes_int=\count181
\c__regex_catcode_D_int=\count182
\c__regex_catcode_S_int=\count183
\c__regex_catcode_L_int=\count184
\c__regex_catcode_O_int=\count185
\c__regex_catcode_A_int=\count186
\c__regex_all_catcodes_int=\count187
\l__regex_show_lines_int=\count188
\l__regex_min_state_int=\count189
\l__regex_max_state_int=\count190
\l__regex_left_state_int=\count191
\l__regex_right_state_int=\count192
\l__regex_capturing_group_int=\count193
\l__regex_min_pos_int=\count194
\l__regex_max_pos_int=\count195
\l__regex_curr_pos_int=\count196
\l__regex_start_pos_int=\count197
\l__regex_success_pos_int=\count198
\l__regex_curr_char_int=\count199
\l__regex_curr_catcode_int=\count266
\l__regex_last_char_int=\count267
\l__regex_case_changed_char_int=\count268
\l__regex_curr_state_int=\count269
\l__regex_step_int=\count270
\l__regex_min_active_int=\count271
\l__regex_max_active_int=\count272
\l__regex_replacement_csnames_int=\count273
\l__regex_match_count_int=\count274
\l__regex_min_submatch_int=\count275
\l__regex_submatch_int=\count276
\l__regex_zeroth_submatch_int=\count277
\g__debug_trace_regex_int=\count278
\c_empty_box=\box60
\l_tmpa_box=\box61
\l_tmpb_box=\box62
\g_tmpa_box=\box63
\g_tmpb_box=\box64
\l__box_top_dim=\dimen138
\l__box_bottom_dim=\dimen139
\l__box_left_dim=\dimen140
\l__box_right_dim=\dimen141
\l__box_top_new_dim=\dimen142
\l__box_bottom_new_dim=\dimen143
\l__box_left_new_dim=\dimen144
\l__box_right_new_dim=\dimen145
\l__box_internal_box=\box65
\l__coffin_internal_box=\box66
\l__coffin_internal_dim=\dimen146
\l__coffin_offset_x_dim=\dimen147
\l__coffin_offset_y_dim=\dimen148
\l__coffin_x_dim=\dimen149
\l__coffin_y_dim=\dimen150
\l__coffin_x_prime_dim=\dimen151
\l__coffin_y_prime_dim=\dimen152
\c_empty_coffin=\box67
\l__coffin_aligned_coffin=\box68
\l__coffin_aligned_internal_coffin=\box69
\l_tmpa_coffin=\box70
\l_tmpb_coffin=\box71
\l__coffin_display_coffin=\box72
\l__coffin_display_coord_coffin=\box73
\l__coffin_display_pole_coffin=\box74
\l__coffin_display_offset_dim=\dimen153
\l__coffin_display_x_dim=\dimen154
\l__coffin_display_y_dim=\dimen155
\l__coffin_bounding_shift_dim=\dimen156
\l__coffin_left_corner_dim=\dimen157
\l__coffin_right_corner_dim=\dimen158
\l__coffin_bottom_corner_dim=\dimen159
\l__coffin_top_corner_dim=\dimen160
\l__coffin_scaled_total_height_dim=\dimen161
\l__coffin_scaled_width_dim=\dimen162
)
("E:\Program Files\MiKTeX 2.9\tex\latex\l3kernel\l3pdfmode.def"
File: l3pdfmode.def 2017/03/18 v L3 Experimental driver: PDF mode
\l__driver_color_stack_int=\count279
\l__driver_tmp_box=\box75
))
("E:\Program Files\MiKTeX 2.9\tex\latex\l3packages\xparse\xparse.sty"
Package: xparse 2017/09/18 L3 Experimental document command parser
\l__xparse_current_arg_int=\count280
\g__xparse_grabber_int=\count281
\l__xparse_m_args_int=\count282
\l__xparse_mandatory_args_int=\count283
\l__xparse_v_nesting_int=\count284
)
("E:\Program Files\MiKTeX 2.9\tex\latex\l3packages\l3keys2e\l3keys2e.sty"
Package: l3keys2e 2017/09/18 LaTeX2e option processing using LaTeX3 keys
)
("E:\Program Files\MiKTeX 2.9\tex\latex\l3packages\xtemplate\xtemplate.sty"
Package: xtemplate 2017/09/18 L3 Experimental prototype document functions
\l__xtemplate_tmp_dim=\dimen163
\l__xtemplate_tmp_int=\count285
\l__xtemplate_tmp_muskip=\muskip17
\l__xtemplate_tmp_skip=\skip55
)
("E:\Program Files\MiKTeX 2.9\tex\latex\etoolbox\etoolbox.sty"
Package: etoolbox 2017/01/02 v2.4 e-TeX tools for LaTeX (JAW)
\etb@tempcnta=\count286
)
Package: acro 2017/08/28 v2.7c Typeset Acronyms
\l__acro_tmpa_int=\count287
\l__acro_tmpb_int=\count288
\l__acro_tmpc_int=\count289
\l__acro_tmpd_int=\count290
\l__acro_page_space_skip=\skip56
\l__acro_short_width_dim=\dimen164
.................................................
. LaTeX info: "xparse/define-command"
. 
. Defining command \acfirstupper with sig. 'm' on line 442.
.................................................
.................................................
. LaTeX info: "xparse/define-command"
. 
. Defining command \acsetup with sig. 'm' on line 591.
.................................................
.................................................
. xtemplate info: "declare-object-type"
. 
. Declaring object type 'acro-first' taking 2 argument(s) on line 831.
.................................................
.................................................
. LaTeX info: "xparse/define-command"
. 
. Defining command \DeclareAcroFirstStyle with sig. 'mmm' on line 941.
.................................................
.................................................
. xtemplate info: "declare-object-type"
. 
. Declaring object type 'acro-extra' taking 1 argument(s) on line 965.
.................................................
.................................................
. LaTeX info: "xparse/define-command"
. 
. Defining command \DeclareAcroExtraStyle with sig. 'mmm' on line 1004.
.................................................

("E:\Program Files\MiKTeX 2.9\tex\latex\oberdiek\zref-abspage.sty"
Package: zref-abspage 2016/05/21 v2.26 Module abspage for zref (HO)

("E:\Program Files\MiKTeX 2.9\tex\latex\oberdiek\zref-base.sty"
Package: zref-base 2016/05/21 v2.26 Module base for zref (HO)

("E:\Program Files\MiKTeX 2.9\tex\generic\oberdiek\kvsetkeys.sty"
Package: kvsetkeys 2016/05/16 v1.17 Key value parser (HO)

("E:\Program Files\MiKTeX 2.9\tex\generic\oberdiek\etexcmds.sty"
Package: etexcmds 2016/05/16 v1.6 Avoid name clashes with e-TeX commands (HO)

("E:\Program Files\MiKTeX 2.9\tex\generic\oberdiek\ifluatex.sty"
Package: ifluatex 2016/05/16 v1.4 Provides the ifluatex switch (HO)
Package ifluatex Info: LuaTeX not detected.
)
Package etexcmds Info: Could not find \expanded.
(etexcmds)             That can mean that you are not using pdfTeX 1.50 or
(etexcmds)             that some package has redefined \expanded.
(etexcmds)             In the latter case, load this package earlier.
))
("E:\Program Files\MiKTeX 2.9\tex\generic\oberdiek\kvdefinekeys.sty"
Package: kvdefinekeys 2016/05/16 v1.4 Define keys (HO)
)
("E:\Program Files\MiKTeX 2.9\tex\generic\oberdiek\pdftexcmds.sty"
Package: pdftexcmds 2017/03/19 v0.25 Utility functions of pdfTeX for LuaTeX (HO
)

("E:\Program Files\MiKTeX 2.9\tex\generic\oberdiek\ifpdf.sty"
Package: ifpdf 2017/03/15 v3.2 Provides the ifpdf switch
)
Package pdftexcmds Info: LuaTeX not detected.
Package pdftexcmds Info: \pdf@primitive is available.
Package pdftexcmds Info: \pdf@ifprimitive is available.
Package pdftexcmds Info: \pdfdraftmode found.
)
("E:\Program Files\MiKTeX 2.9\tex\latex\oberdiek\auxhook.sty"
Package: auxhook 2016/05/16 v1.4 Hooks for auxiliary files (HO)
)
Package zref Info: New property list: main on input line 759.
Package zref Info: New property: default on input line 760.
Package zref Info: New property: page on input line 761.
)
("E:\Program Files\MiKTeX 2.9\tex\generic\oberdiek\atbegshi.sty"
Package: atbegshi 2016/06/09 v1.18 At begin shipout hook (HO)
)
\c@abspage=\count291
Package zref Info: New property: abspage on input line 62.
)
.................................................
. xtemplate info: "declare-object-type"
. 
. Declaring object type 'acro-page-number' taking 1 argument(s) on line 1200.
.................................................
.................................................
. LaTeX info: "xparse/define-command"
. 
. Defining command \DeclareAcroPageStyle with sig. 'mmm' on line 1249.
.................................................
.................................................
. xtemplate info: "declare-object-type"
. 
. Declaring object type 'acro-title' taking 1 argument(s) on line 1275.
.................................................
.................................................
. LaTeX info: "xparse/define-command"
. 
. Defining command \DeclareAcroListHeading with sig. 'mm' on line 1317.
.................................................
.................................................
. xtemplate info: "declare-object-type"
. 
. Declaring object type 'acro-list' taking 2 argument(s) on line 1321.
.................................................
.................................................
. LaTeX info: "xparse/define-command"
. 
. Defining command \DeclareAcroListStyle with sig. 'mmm' on line 1765.
.................................................
.................................................
. LaTeX info: "xparse/define-command"
. 
. Defining command \ProvideAcroEnding with sig. 'mmm' on line 2275.
.................................................
.................................................
. LaTeX info: "xparse/define-command"
. 
. Defining command \AcroRegisterTrailing with sig. 'mm' on line 2998.
.................................................
.................................................
. LaTeX info: "xparse/define-command"
. 
. Defining command \acdot with sig. '' on line 3070.
.................................................
.................................................
. LaTeX info: "xparse/define-command"
. 
. Defining command \acspace with sig. '' on line 3071.
.................................................
.................................................
. LaTeX info: "xparse/define-command"
. 
. Defining command \acifused with sig. 'm' on line 3104.
.................................................
.................................................
. LaTeX info: "xparse/define-command"
. 
. Defining command \acresetall with sig. '' on line 3118.
.................................................
.................................................
. LaTeX info: "xparse/define-command"
. 
. Defining command \acuseall with sig. '' on line 3121.
.................................................
.................................................
. LaTeX info: "xparse/define-command"
. 
. Defining command \acreset with sig. '>{\SplitList {,}}m' on line 3124.
.................................................
.................................................
. LaTeX info: "xparse/define-command"
. 
. Defining command \acuse with sig. '>{\SplitList {,}}m' on line 3127.
.................................................
\g__acro_barrier_int=\count292
.................................................
. LaTeX info: "xparse/define-command"
. 
. Defining command \acbarrier with sig. '' on line 3154.
.................................................
.................................................
. LaTeX info: "xparse/define-command"
. 
. Defining command \acswitchoff with sig. '' on line 3255.
.................................................
.................................................
. LaTeX info: "xparse/define-command"
. 
. Defining command \acswitchon with sig. '' on line 3258.
.................................................
.................................................
. LaTeX info: "xparse/define-command"
. 
. Defining command \DeclareAcronym with sig. 'mm' on line 3854.
.................................................
.................................................
. LaTeX info: "xparse/define-command"
. 
. Defining command \printacronyms with sig. 'O{}' on line 3901.
.................................................

("E:\Program Files\MiKTeX 2.9\tex\latex\translations\translations.sty"
Package: translations 2017/08/31 v1.7a internationalization of LaTeX2e packages
 (CN)

("E:\Program Files\MiKTeX 2.9\tex\latex\koma-script\scrlfile.sty"
Package: scrlfile 2017/09/07 v3.24 KOMA-Script package (loading files)
))
.................................................
. LaTeX info: "xparse/define-command"
. 
. Defining command \DeclareAcroTranslation with sig. 'mm' on line 3939.
.................................................
.................................................
. LaTeX info: "xparse/define-command"
. 
. Defining command \ac with sig. 'sO{}m' on line 4140.
.................................................
.................................................
. LaTeX info: "xparse/define-command"
. 
. Defining command \iac with sig. 'sO{}m' on line 4146.
.................................................
.................................................
. LaTeX info: "xparse/define-command"
. 
. Defining command \Iac with sig. 'sO{}m' on line 4153.
.................................................
.................................................
. LaTeX info: "xparse/define-command"
. 
. Defining command \Ac with sig. 'sO{}m' on line 4159.
.................................................
.................................................
. LaTeX info: "xparse/define-command"
. 
. Defining command \acp with sig. 'sO{}m' on line 4165.
.................................................
.................................................
. LaTeX info: "xparse/define-command"
. 
. Defining command \Acp with sig. 'sO{}m' on line 4172.
.................................................
.................................................
. LaTeX info: "xparse/define-command"
. 
. Defining command \acsingle with sig. 'sO{}m' on line 4178.
.................................................
.................................................
. LaTeX info: "xparse/define-command"
. 
. Defining command \Acsingle with sig. 'sO{}m' on line 4185.
.................................................
.................................................
. LaTeX info: "xparse/define-command"
. 
. Defining command \acs with sig. 'sO{}m' on line 4189.
.................................................
.................................................
. LaTeX info: "xparse/define-command"
. 
. Defining command \iacs with sig. 'sO{}m' on line 4195.
.................................................
.................................................
. LaTeX info: "xparse/define-command"
. 
. Defining command \Iacs with sig. 'sO{}m' on line 4202.
.................................................
.................................................
. LaTeX info: "xparse/define-command"
. 
. Defining command \acsp with sig. 'sO{}m' on line 4208.
.................................................
.................................................
. LaTeX info: "xparse/define-command"
. 
. Defining command \aca with sig. 'sO{}m' on line 4212.
.................................................
.................................................
. LaTeX info: "xparse/define-command"
. 
. Defining command \Aca with sig. 'sO{}m' on line 4218.
.................................................
.................................................
. LaTeX info: "xparse/define-command"
. 
. Defining command \iaca with sig. 'sO{}m' on line 4224.
.................................................
.................................................
. LaTeX info: "xparse/define-command"
. 
. Defining command \Iaca with sig. 'sO{}m' on line 4231.
.................................................
.................................................
. LaTeX info: "xparse/define-command"
. 
. Defining command \acap with sig. 'sO{}m' on line 4237.
.................................................
.................................................
. LaTeX info: "xparse/define-command"
. 
. Defining command \acl with sig. 'sO{}m' on line 4241.
.................................................
.................................................
. LaTeX info: "xparse/define-command"
. 
. Defining command \iacl with sig. 'sO{}m' on line 4247.
.................................................
.................................................
. LaTeX info: "xparse/define-command"
. 
. Defining command \Iacl with sig. 'sO{}m' on line 4254.
.................................................
.................................................
. LaTeX info: "xparse/define-command"
. 
. Defining command \Acl with sig. 'sO{}m' on line 4260.
.................................................
.................................................
. LaTeX info: "xparse/define-command"
. 
. Defining command \aclp with sig. 'sO{}m' on line 4266.
.................................................
.................................................
. LaTeX info: "xparse/define-command"
. 
. Defining command \Aclp with sig. 'sO{}m' on line 4273.
.................................................
.................................................
. LaTeX info: "xparse/define-command"
. 
. Defining command \acf with sig. 'sO{}m' on line 4277.
.................................................
.................................................
. LaTeX info: "xparse/define-command"
. 
. Defining command \iacf with sig. 'sO{}m' on line 4283.
.................................................
.................................................
. LaTeX info: "xparse/define-command"
. 
. Defining command \Iacf with sig. 'sO{}m' on line 4290.
.................................................
.................................................
. LaTeX info: "xparse/define-command"
. 
. Defining command \Acf with sig. 'sO{}m' on line 4296.
.................................................
.................................................
. LaTeX info: "xparse/define-command"
. 
. Defining command \acfp with sig. 'sO{}m' on line 4302.
.................................................
.................................................
. LaTeX info: "xparse/define-command"
. 
. Defining command \Acfp with sig. 'sO{}m' on line 4309.
.................................................
.................................................
. LaTeX info: "xparse/define-command"
. 
. Defining command \acflike with sig. 'smm' on line 4313.
.................................................
.................................................
. LaTeX info: "xparse/define-command"
. 
. Defining command \iacflike with sig. 'smm' on line 4319.
.................................................
.................................................
. LaTeX info: "xparse/define-command"
. 
. Defining command \Iacflike with sig. 'smm' on line 4326.
.................................................
.................................................
. LaTeX info: "xparse/define-command"
. 
. Defining command \acfplike with sig. 'smm' on line 4332.
.................................................
\g__file_internal_ior=\read1
)
("E:\Program Files\MiKTeX 2.9\tex\latex\hyperref\nameref.sty"
Package: nameref 2016/05/21 v2.44 Cross-referencing by name of section

("E:\Program Files\MiKTeX 2.9\tex\latex\oberdiek\refcount.sty"
Package: refcount 2016/05/16 v3.5 Data extraction from label references (HO)
)
("E:\Program Files\MiKTeX 2.9\tex\generic\oberdiek\gettitlestring.sty"
Package: gettitlestring 2016/05/16 v1.5 Cleanup title references (HO)

("E:\Program Files\MiKTeX 2.9\tex\latex\oberdiek\kvoptions.sty"
Package: kvoptions 2016/05/16 v3.12 Key value format for package options (HO)
))
\c@section@level=\count293
LaTeX Info: Redefining \ref on input line 355.
LaTeX Info: Redefining \pageref on input line 355.
)
Package translations Info: No language package found. I am going to use `englis
h' as default language. on input line 68.
 (report.aux)
\openout1 = `report.aux'.

LaTeX Font Info:    Checking defaults for OML/cmm/m/it on input line 68.
LaTeX Font Info:    ... okay on input line 68.
LaTeX Font Info:    Checking defaults for T1/cmr/m/n on input line 68.
LaTeX Font Info:    ... okay on input line 68.
LaTeX Font Info:    Checking defaults for OT1/cmr/m/n on input line 68.
LaTeX Font Info:    ... okay on input line 68.
LaTeX Font Info:    Checking defaults for OMS/cmsy/m/n on input line 68.
LaTeX Font Info:    ... okay on input line 68.
LaTeX Font Info:    Checking defaults for OMX/cmex/m/n on input line 68.
LaTeX Font Info:    ... okay on input line 68.
LaTeX Font Info:    Checking defaults for U/cmr/m/n on input line 68.
LaTeX Font Info:    ... okay on input line 68.
\c@lstlisting=\count294
("E:\Program Files\MiKTeX 2.9\tex\context\base\supp-pdf.mkii"
[Loading MPS to PDF converter (version 2006.09.02).]
\scratchcounter=\count295
\scratchdimen=\dimen165
\scratchbox=\box76
\nofMPsegments=\count296
\nofMParguments=\count297
\everyMPshowfont=\toks22
\MPscratchCnt=\count298
\MPscratchDim=\dimen166
\MPnumerator=\count299
\makeMPintoPDFobject=\count300
\everyMPtoPDFconversion=\toks23
) ("E:\Program Files\MiKTeX 2.9\tex\latex\oberdiek\epstopdf-base.sty"
Package: epstopdf-base 2016/05/15 v2.6 Base part for package epstopdf

("E:\Program Files\MiKTeX 2.9\tex\latex\oberdiek\grfext.sty"
Package: grfext 2016/05/16 v1.2 Manage graphics extensions (HO)
)
Package epstopdf-base Info: Redefining graphics rule for `.eps' on input line 4
38.
Package grfext Info: Graphics extension search list:
(grfext)             [.png,.pdf,.jpg,.mps,.jpeg,.jbig2,.jb2,.PNG,.PDF,.JPG,.JPE
G,.JBIG2,.JB2,.eps]
(grfext)             \AppendGraphicsExtensions on input line 456.
)
\AtBeginShipoutBox=\box77

("E:\Program Files\MiKTeX 2.9\tex\latex\translations\dicts\translations-basic-d
ictionary-english.trsl"
File: translations-basic-dictionary-english.trsl (english translation file `tra
nslations-basic-dictionary')
)
Package translations Info: loading dictionary `translations-basic-dictionary' f
or `english'. on input line 68.
LaTeX Font Info:    Try loading font information for U+msa on input line 81.

("E:\Program Files\MiKTeX 2.9\tex\latex\amsfonts\umsa.fd"
File: umsa.fd 2013/01/14 v3.01 AMS symbols A
)
LaTeX Font Info:    Try loading font information for U+msb on input line 81.

("E:\Program Files\MiKTeX 2.9\tex\latex\amsfonts\umsb.fd"
File: umsb.fd 2013/01/14 v3.01 AMS symbols B
) [1


{C:/ProgramData/MiKTeX/2.9/pdftex/config/pdftex.map}] (report.toc [2

] [3])
\tf@toc=\write3
\openout3 = `report.toc'.

 (report.lof)
\tf@lof=\write4
\openout4 = `report.lof'.


(report.lot [4])
\tf@lot=\write5
\openout5 = `report.lot'.


Underfull \hbox (badness 10000) in paragraph at lines 107--111

 []

[5]
Underfull \hbox (badness 10000) in paragraph at lines 112--115

 []


Underfull \hbox (badness 10000) in paragraph at lines 116--121

 []


Underfull \hbox (badness 10000) in paragraph at lines 122--124

 []

<images/TableauPiles.jpg, id=23, 1445.4pt x 813.0375pt>
File: images/TableauPiles.jpg Graphic file (type jpg)

<use images/TableauPiles.jpg>
Package pdftex.def Info: images/TableauPiles.jpg used on input line 131.
(pdftex.def)             Requested size: 388.45413pt x 243.91313pt.

Overfull \hbox (41.3306pt too wide) in paragraph at lines 131--132
[][] 
 []

[6] [7 <./images/TableauPiles.jpg>]
Underfull \hbox (badness 10000) in paragraph at lines 141--142

 []


Underfull \hbox (badness 10000) in paragraph at lines 143--144

 []


Underfull \hbox (badness 10000) in paragraph at lines 145--146

 []

("E:\Program Files\MiKTeX 2.9\tex\latex\listings\lstlang1.sty"
File: lstlang1.sty 2015/06/04 1.6 listings language file
)
(../GPenSIM/COMMON_PRE.m
LaTeX Font Info:    Try loading font information for OMS+cmr on input line 3.
 ("E:\Program Files\MiKTeX 2.9\tex\latex\base\omscmr.fd"
File: omscmr.fd 2014/09/29 v2.5h Standard LaTeX font definitions
)
LaTeX Font Info:    Font shape `OMS/cmr/m/n' in size <6> not available
(Font)              Font shape `OMS/cmsy/m/n' tried instead on input line 3.
)
Underfull \hbox (badness 10000) in paragraph at lines 153--155

 []


Overfull \hbox (31.07018pt too wide) in paragraph at lines 156--157
\OT1/cmr/m/n/10 lated tran-si-tions and places, so two ad-di-tional func-tions;
 [][]\OT1/cmtt/m/n/10 get_tableau_from_transname
 []


Overfull \hbox (25.2925pt too wide) in paragraph at lines 156--157
\OT1/cmr/m/n/10 it be-longs to. The ac-tual code is pretty sim-ple, and parts o
f [][]\OT1/cmtt/m/n/10 get_suit_from_transname
 []

(../GPenSIM/get_suit_from_transname.m [8

]) [9]

pdfTeX warning: pdflatex.exe (file ./images/overallViewPdf.pdf): PDF inclusion:
 found PDF version <1.7>, but at most version <1.5> allowed
<images/overallViewPdf.pdf, id=40, 597.55246pt x 845.07724pt>
File: images/overallViewPdf.pdf Graphic file (type pdf)

<use images/overallViewPdf.pdf>
Package pdftex.def Info: images/overallViewPdf.pdf used on input line 163.
(pdftex.def)             Requested size: 127.3268pt x 355.43968pt.
 [10

 <./images/overallViewPdf.pdf>]
<images/drawPile.png, id=54, 486.3771pt x 341.1144pt>
File: images/drawPile.png Graphic file (type png)

<use images/drawPile.png>
Package pdftex.def Info: images/drawPile.png used on input line 176.
(pdftex.def)             Requested size: 347.12354pt x 243.4473pt.

Underfull \hbox (badness 10000) in paragraph at lines 181--183

 []


Overfull \hbox (39.29247pt too wide) in paragraph at lines 184--186
\OT1/cmr/m/n/10 will move cards from the pile which rep-re-sents face-down card
s, [][]\OT1/cmtt/m/n/10 pDP_Draw_FaceDown_Pile
 []


Underfull \hbox (badness 10000) in paragraph at lines 184--186

 []

[11

 <./images/drawPile.png (PNG copy)>]
Overfull \hbox (1.05827pt too wide) in paragraph at lines 187--189
[][]\OT1/cmtt/m/n/10 global_info.INITIAL_DEAL_MOVE[]\OT1/cmr/m/n/10 . An ex-am-
ple of a color given is \OT1/cmr/m/it/10 Move:[]TP1:[]DP
 []


Underfull \hbox (badness 10000) in paragraph at lines 187--189

 []

(../GPenSIM/tDPe_Move_pre.m)
Overfull \hbox (22.79189pt too wide) in paragraph at lines 193--196
\OT1/cmr/m/n/10 This is ac-com-plished by the tran-si-tions [][]\OT1/cmtt/m/n/1
0 tDPi_Flip_Pile []\OT1/cmr/m/n/10 and [][]\OT1/cmtt/m/n/10 tDPi_Enable_DP_Tran
s[]\OT1/cmr/m/n/10 .
 []


Overfull \hbox (62.3344pt too wide) in paragraph at lines 193--196
\OT1/cmr/m/n/10 file, shown in list-ing 1.4[]. Given that there are ac-tu-ally 
any to-kens left in [][]\OT1/cmtt/m/n/10 pDP_Draw_FaceUp_Pile
 []

(../GPenSIM/tDPi_Enable_FP_Trans_post.m [12]) (../GPenSIM/tDPi_Flip_Pile_pre.m)
(../GPenSIM/tDPi_Flip_Pile_post.m) (../GPenSIM/tDPe_Out_pre.m)
Overfull \hbox (75.7448pt too wide) in paragraph at lines 206--225
[][] 
 []

[13] [14] <images/foundationPile.png, id=69, 355.20705pt x 163.69154pt>
File: images/foundationPile.png Graphic file (type png)

<use images/foundationPile.png>
Package pdftex.def Info: images/foundationPile.png used on input line 232.
(pdftex.def)             Requested size: 347.12354pt x 159.9745pt.

Underfull \hbox (badness 10000) in paragraph at lines 238--240

 []


Overfull \hbox (51.61191pt too wide) in paragraph at lines 241--242
[]\OT1/cmr/m/n/10 Given that the col-ors of the to-ken have the cor-rect length
, the [][]\OT1/cmtt/m/n/10 get_suit_from_transname
 []


Overfull \hbox (18.32068pt too wide) in paragraph at lines 241--242
\OT1/cmr/m/n/10 More in-for-ma-tion about this step can be found in 2.2[]. Last
ly, the [][]\OT1/cmtt/m/n/10 checkCommand_Move
 []

(../GPenSIM/pre_tFPe_Add.m [15

 <./images/foundationPile.png (PNG copy)>])
(../GPenSIM/pre_tFPe_Move.m
LaTeX Font Info:    Try loading font information for OML+cmr on input line 7.

("E:\Program Files\MiKTeX 2.9\tex\latex\base\omlcmr.fd"
File: omlcmr.fd 2014/09/29 v2.5h Standard LaTeX font definitions
)
LaTeX Font Info:    Font shape `OML/cmr/m/n' in size <6> not available
(Font)              Font shape `OML/cmm/m/it' tried instead on input line 7.
)
(../GPenSIM/pre_tFPe_Out.m) (../GPenSIM/COMMON_POST.m [16]) [17]
<images/tableauPile.png, id=80, 493.6041pt x 240.6591pt>
File: images/tableauPile.png Graphic file (type png)

<use images/tableauPile.png>
Package pdftex.def Info: images/tableauPile.png used on input line 271.
(pdftex.def)             Requested size: 347.12354pt x 169.24239pt.

Underfull \hbox (badness 10000) in paragraph at lines 277--278

 []


Underfull \hbox (badness 10000) in paragraph at lines 279--280

 []


Overfull \hbox (18.45917pt too wide) in paragraph at lines 281--282
\OT1/cmr/m/n/10 count-ing how many cards have been dealt in the vari-able [][]\
OT1/cmtt/m/n/10 global_info.CARDS.DEALT[]\OT1/cmr/m/n/10 .
 []

[18

 <./images/tableauPile.png (PNG copy)>] (../GPenSIM/pre_tTPe_Add_FaceDown.m) (.
./GPenSIM/pre_tTPe_Add_FaceUp.m) (../GPenSIM/post_tTPe_Add_FaceUp.m [19])
Overfull \hbox (17.15416pt too wide) in paragraph at lines 290--291
[]\OT1/cmr/m/n/10 The mod-ule en-com-passes two ex-ter-nal in-puts, there first
 of which is [][]\OT1/cmtt/m/n/10 tTPe_1_Turn[]\OT1/cmr/m/n/10 .
 []


Underfull \hbox (badness 10000) in paragraph at lines 290--291

 []

(../GPenSIM/pre_tTPe_Move.m) (../GPenSIM/pre_tTPi_Move_Multiple.m)
(../GPenSIM/COMMON_POST.m [20]) (../GPenSIM/pre_tTPe_Out.m)
Overfull \hbox (105.35365pt too wide) in paragraph at lines 305--319
[][] 
 []

[21] <images/playerModule.png, id=94, 361.35pt x 331.7193pt>
File: images/playerModule.png Graphic file (type png)

<use images/playerModule.png>
Package pdftex.def Info: images/playerModule.png used on input line 325.
(pdftex.def)             Requested size: 216.81168pt x 199.0331pt.

Underfull \hbox (badness 10000) in paragraph at lines 322--331

 []

(../GPenSIM/tPe_DP_Turn_pre.m [22

 <./images/playerModule.png (PNG copy)>])
Underfull \hbox (badness 10000) in paragraph at lines 335--336

 []

[23] [24] <images/playerBotModule.png, id=104, 297.0297pt x 294.1389pt>
File: images/playerBotModule.png Graphic file (type png)

<use images/playerBotModule.png>
Package pdftex.def Info: images/playerBotModule.png used on input line 371.
(pdftex.def)             Requested size: 193.067pt x 191.188pt.
 (../GPenSIM/tPBi_Gen_pre.m [25

 <./images/playerBotModule.png (PNG copy)>]) (../GPenSIM/main_simulation_file.m
)
Overfull \hbox (0.5402pt too wide) in paragraph at lines 382--387
\OT1/cmr/m/n/10 Finally, the [][]\OT1/cmtt/m/n/10 global_info.BOT_ACTIONS_TP_FU
LL_PARTIAL_MOVE []\OT1/cmr/m/n/10 works in a sim-
 []


Underfull \hbox (badness 10000) in paragraph at lines 382--387

 []

[26]
Overfull \hbox (34.12521pt too wide) in paragraph at lines 388--389
\OT1/cmr/m/n/10 might be in-valid for the cur-rent state of the game, I added t
he []de-stroyer [][]\OT1/cmtt/m/n/10 tPBi_Destroyer[]\OT1/cmr/m/n/10 .
 []

(../GPenSIM/tPBi_Destroyer_pre.m) (../GPenSIM/tPBe_DP_Move_pre.m)
(../GPenSIM/COMMON_POST.m)
Overfull \hbox (17.08324pt too wide) in paragraph at lines 397--410
[][] 
 []

[27] [28]
Underfull \hbox (badness 10000) in paragraph at lines 413--414

 []


Underfull \hbox (badness 10000) in paragraph at lines 415--417

 []

(../GPenSIM/tMC_FP_Move_Destroyer_pre.m) [29

]
<images/dealinit.png, id=122, 938.75719pt x 403.5075pt>
File: images/dealinit.png Graphic file (type png)

<use images/dealinit.png>
Package pdftex.def Info: images/dealinit.png used on input line 447.
(pdftex.def)             Requested size: 347.12354pt x 149.20308pt.

Underfull \hbox (badness 10000) in paragraph at lines 443--453

 []

[30

 <./images/dealinit.png>]
Underfull \hbox (badness 10000) in paragraph at lines 495--499

 []

<images/moveMultiple_1.png, id=128, 938.00438pt x 393.72093pt>
File: images/moveMultiple_1.png Graphic file (type png)

<use images/moveMultiple_1.png>
Package pdftex.def Info: images/moveMultiple_1.png used on input line 507.
(pdftex.def)             Requested size: 347.12354pt x 145.69849pt.

<images/moveMultiple_2.png, id=129, 938.00438pt x 394.47375pt>
File: images/moveMultiple_2.png Graphic file (type png)

<use images/moveMultiple_2.png>
Package pdftex.def Info: images/moveMultiple_2.png used on input line 514.
(pdftex.def)             Requested size: 347.12354pt x 145.97707pt.

Underfull \hbox (badness 10000) in paragraph at lines 500--520

 []

<images/gameUnwinnable.png, id=130, 938.75719pt x 394.47375pt>
File: images/gameUnwinnable.png Graphic file (type png)

<use images/gameUnwinnable.png>
Package pdftex.def Info: images/gameUnwinnable.png used on input line 525.
(pdftex.def)             Requested size: 347.12354pt x 145.8627pt.

Underfull \hbox (badness 10000) in paragraph at lines 521--531

 []

[31 <./images/moveMultiple_1.png>]
<images/gameWonWScore.png, id=136, 941.76843pt x 396.7322pt>
File: images/gameWonWScore.png Graphic file (type png)

<use images/gameWonWScore.png>
Package pdftex.def Info: images/gameWonWScore.png used on input line 535.
(pdftex.def)             Requested size: 347.12354pt x 146.23167pt.
 [32 <./images/moveMultiple_2.png> <./images/gameUnwinnable.png>] [33 <./images
/gameWonWScore.png>]
(../GPenSIM/main_simulation_file.m) [34

]
Underfull \hbox (badness 10000) in paragraph at lines 549--553

 []


Underfull \hbox (badness 10000) in paragraph at lines 549--553

 []


Underfull \hbox (badness 10000) in paragraph at lines 554--556

 []


Overfull \hbox (16.01318pt too wide) in paragraph at lines 557--559
[]\OT1/cmr/m/n/10 con-tains the unique iden-ti-fiers of the []FP or []TP mod-ul
es. Valid in-put for [][]\OT1/cmtt/m/n/10 destination
 []


Overfull \hbox (5.87535pt too wide) in paragraph at lines 557--559
\OT1/cmr/m/n/10 game. This is mainly used to set the vari-able [][]\OT1/cmtt/m/
n/10 global_info.last_command_source
 []


Underfull \hbox (badness 10000) in paragraph at lines 557--559

 []

<images/checkcommandmove.png, id=149, 899.61093pt x 1311.39937pt>
File: images/checkcommandmove.png Graphic file (type png)

<use images/checkcommandmove.png>
Package pdftex.def Info: images/checkcommandmove.png used on input line 563.
(pdftex.def)             Requested size: 347.12354pt x 506.0209pt.
 [35

] [36 <./images/checkcommandmove.png>]
Underfull \hbox (badness 10000) in paragraph at lines 571--572

 []

(../GPenSIM/COMMON_POST.m)
Overfull \hbox (2.6826pt too wide) in paragraph at lines 578--579
\OT1/cmr/m/n/10 The stan-dard scor-ing scheme in the Win-dows Soli-taire game[7
] de-fines the amount
 []


Underfull \hbox (badness 10000) in paragraph at lines 599--600

 []

[37

]
Underfull \hbox (badness 10000) in paragraph at lines 602--603

 []

<images/drawPile_CovTree.png, id=160, 971.12813pt x 779.91376pt>
File: images/drawPile_CovTree.png Graphic file (type png)

<use images/drawPile_CovTree.png>
Package pdftex.def Info: images/drawPile_CovTree.png used on input line 606.
(pdftex.def)             Requested size: 335.00038pt x 274.52469pt.
 [38 <./images/drawPile_CovTree.png (PNG copy)>] [39] <images/tableauPile_CovTr
ee.png, id=167, 1928.70563pt x 1013.28563pt>
File: images/tableauPile_CovTree.png Graphic file (type png)

<use images/tableauPile_CovTree.png>
Package pdftex.def Info: images/tableauPile_CovTree.png used on input line 635.

(pdftex.def)             Requested size: 397.93932pt x 249.78499pt.

Overfull \hbox (50.81578pt too wide) in paragraph at lines 635--636
[][] 
 []

[40

 <./images/tableauPile_CovTree.png (PNG copy)>]
(../GPenSIM/main_simulation_file.m)
Underfull \hbox (badness 10000) in paragraph at lines 674--676

 []

[41

]
Underfull \hbox (badness 10000) in paragraph at lines 677--679

 []


Underfull \hbox (badness 10000) in paragraph at lines 680--681

 []


Underfull \hbox (badness 10000) in paragraph at lines 682--683

 []


Underfull \hbox (badness 10000) in paragraph at lines 688--689

 []

[42] [43]
Underfull \hbox (badness 10000) in paragraph at lines 701--702
[]\OT1/cmr/m/n/9 Jupiter Scientific,$\OT1/cmtt/m/n/9 http : / / www . jupitersc
ientific . org / sciinfo /
 []

File: images/overallViewPdf.pdf Graphic file (type pdf)
<use images/overallViewPdf.pdf>
Package pdftex.def Info: images/overallViewPdf.pdf used on input line 714.
(pdftex.def)             Requested size: 457.026pt x 433.53769pt.

Overfull \hbox (259.82657pt too wide) in paragraph at lines 714--715
[][] 
 []


LaTeX Warning: Float too large for page by 113.44533pt on input line 717.

[44

] [45] (../GPenSIM/checkCommand_Move.m [46

]) (../GPenSIM/COMMON_POST.m
[47]) (../GPenSIM/COMMON_PRE.m [48]) (../GPenSIM/draw_pile_pdf.m) [49]
(../GPenSIM/foundation_pile_clubs_pdf.m)
(../GPenSIM/foundation_pile_diamonds_pdf.m)
(../GPenSIM/foundation_pile_hearts_pdf.m)
(../GPenSIM/foundation_pile_spades_pdf.m [50]) (../GPenSIM/get_handle.m)
(../GPenSIM/get_suit_from_transname.m) (../GPenSIM/get_tableau_from_transname.m
[51]) (../GPenSIM/main_simulation_file.m [52]
Underfull \vbox (badness 10000) has occurred while \output is active []

 [53])
(../GPenSIM/module_connector_pdf.m) [54] (../GPenSIM/player_bot_pdf.m)
(../GPenSIM/player_GUI.m [55]
Underfull \vbox (badness 10000) has occurred while \output is active []

 [56]
Underfull \vbox (badness 10000) has occurred while \output is active []

 [57])
(../GPenSIM/player_pdf.m [58]) (../GPenSIM/player_update_GUI.m) [59]
(../GPenSIM/post_tTPe_Add_FaceUp.m) (../GPenSIM/pre_tFPe_Add.m)
(../GPenSIM/pre_tFPe_Move.m) (../GPenSIM/pre_tFPe_Out.m) [60]
(../GPenSIM/pre_tPe_FP_Move.m) (../GPenSIM/pre_tPe_TP_Move.m) [61]
(../GPenSIM/pre_tPe_TP_Turn.m) (../GPenSIM/pre_tTPe_Add_FaceDown.m)
(../GPenSIM/pre_tTPe_Add_FaceUp.m [62]) (../GPenSIM/pre_tTPe_Move.m)
(../GPenSIM/pre_tTPe_Out.m [63]) (../GPenSIM/pre_tTPe_Turn.m)
(../GPenSIM/pre_tTPi_Move_Multiple.m) (../GPenSIM/set_handle.m [64])
(../GPenSIM/splitCommand.m) (../GPenSIM/tableau_pile_1_pdf.m)
(../GPenSIM/tableau_pile_2_pdf.m [65]) (../GPenSIM/tableau_pile_3_pdf.m)
[66] (../GPenSIM/tableau_pile_4_pdf.m) (../GPenSIM/tableau_pile_5_pdf.m)
[67] (../GPenSIM/tableau_pile_6_pdf.m) (../GPenSIM/tableau_pile_7_pdf.m)
[68] (../GPenSIM/tDPe_Move_pre.m) (../GPenSIM/tDPe_Out_pre.m)
(../GPenSIM/tDPi_Dealer_pre.m) (../GPenSIM/tDPi_Enable_FP_Trans_post.m)
(../GPenSIM/tDPi_Flip_Pile_post.m) [69] (../GPenSIM/tDPi_Flip_Pile_pre.m)
(../GPenSIM/tDPi_Move_Init_pre.m) (../GPenSIM/tDPi_Turn_post.m)
(../GPenSIM/tDPi_Turn_pre.m) (../GPenSIM/tMC_DP_Move_Destroyer_pre.m [70])
(../GPenSIM/tMC_FP_Move_Destroyer_pre.m)
(../GPenSIM/tMC_Out_Buffer_Destroyer_pre.m)
(../GPenSIM/tMC_TP_Move_Destroyer_pre.m [71])
(../GPenSIM/tMC_TP_Turn_Destroyer_pre.m) (../GPenSIM/tPBe_DP_Move_pre.m
[72]) (../GPenSIM/tPBe_DP_Turn_pre.m) (../GPenSIM/tPBe_FP_Move_pre.m [73])
(../GPenSIM/tPBe_TP_Move_pre.m [74]) (../GPenSIM/tPBe_TP_Turn_pre.m)
(../GPenSIM/tPBi_Gen_pre.m [75]) (../GPenSIM/tPBi_Destroyer_pre.m)
(../GPenSIM/tPe_DP_Move_pre.m [76]) (../GPenSIM/tPe_DP_Turn_pre.m) [77]
(report.aux) ) 
Here is how much of TeX's memory you used:
 17507 strings out of 493323
 351510 string characters out of 3139066
 818838 words of memory out of 3000000
 20646 multiletter control sequences out of 15000+200000
 537925 words of font info for 52 fonts, out of 3000000 for 9000
 1141 hyphenation exceptions out of 8191
 43i,10n,50p,10345b,1778s stack positions out of 5000i,500n,10000p,200000b,50000s
<E:/Program Files/MiKTeX 2.9/fonts/type1/public/amsfonts/cm/cmbx1
0.pfb><E:/Program Files/MiKTeX 2.9/fonts/type1/public/amsfonts/cm/cmbx12.pfb><E
:/Program Files/MiKTeX 2.9/fonts/type1/public/amsfonts/cm/cmbx9.pfb><E:/Program
 Files/MiKTeX 2.9/fonts/type1/public/amsfonts/cm/cmmi10.pfb><E:/Program Files/M
iKTeX 2.9/fonts/type1/public/amsfonts/cm/cmmi6.pfb><E:/Program Files/MiKTeX 2.9
/fonts/type1/public/amsfonts/cm/cmr10.pfb><E:/Program Files/MiKTeX 2.9/fonts/ty
pe1/public/amsfonts/cm/cmr6.pfb><E:/Program Files/MiKTeX 2.9/fonts/type1/public
/amsfonts/cm/cmr9.pfb><E:/Program Files/MiKTeX 2.9/fonts/type1/public/amsfonts/
cm/cmsy6.pfb><E:/Program Files/MiKTeX 2.9/fonts/type1/public/amsfonts/cm/cmti10
.pfb><E:/Program Files/MiKTeX 2.9/fonts/type1/public/amsfonts/cm/cmti9.pfb><E:/
Program Files/MiKTeX 2.9/fonts/type1/public/amsfonts/cm/cmtt10.pfb><E:/Program 
Files/MiKTeX 2.9/fonts/type1/public/amsfonts/cm/cmtt9.pfb>
Output written on report.pdf (77 pages, 2618768 bytes).
PDF statistics:
 333 PDF objects out of 1000 (max. 8388607)
 0 named destinations out of 1000 (max. 500000)
 76 words of extra memory for PDF output out of 10000 (max. 10000000)

